  ToolMain.cpp
  _WIN32_WINNT not defined. Defaulting to _WIN32_WINNT_MAXVER (see WinSDKVer.h)
D:\4th Year\CMP405\CMP405-Tools-Programming-WFFC-Edit\WOFFCEdit\ToolMain.cpp(106,46): warning C4244: '=': conversion from 'double' to 'float', possible loss of data
D:\4th Year\CMP405\CMP405-Tools-Programming-WFFC-Edit\WOFFCEdit\ToolMain.cpp(107,46): warning C4244: '=': conversion from 'double' to 'float', possible loss of data
D:\4th Year\CMP405\CMP405-Tools-Programming-WFFC-Edit\WOFFCEdit\ToolMain.cpp(108,46): warning C4244: '=': conversion from 'double' to 'float', possible loss of data
D:\4th Year\CMP405\CMP405-Tools-Programming-WFFC-Edit\WOFFCEdit\ToolMain.cpp(109,46): warning C4244: '=': conversion from 'double' to 'float', possible loss of data
D:\4th Year\CMP405\CMP405-Tools-Programming-WFFC-Edit\WOFFCEdit\ToolMain.cpp(110,46): warning C4244: '=': conversion from 'double' to 'float', possible loss of data
D:\4th Year\CMP405\CMP405-Tools-Programming-WFFC-Edit\WOFFCEdit\ToolMain.cpp(111,46): warning C4244: '=': conversion from 'double' to 'float', possible loss of data
D:\4th Year\CMP405\CMP405-Tools-Programming-WFFC-Edit\WOFFCEdit\ToolMain.cpp(112,46): warning C4244: '=': conversion from 'double' to 'float', possible loss of data
D:\4th Year\CMP405\CMP405-Tools-Programming-WFFC-Edit\WOFFCEdit\ToolMain.cpp(113,46): warning C4244: '=': conversion from 'double' to 'float', possible loss of data
D:\4th Year\CMP405\CMP405-Tools-Programming-WFFC-Edit\WOFFCEdit\ToolMain.cpp(114,46): warning C4244: '=': conversion from 'double' to 'float', possible loss of data
D:\4th Year\CMP405\CMP405-Tools-Programming-WFFC-Edit\WOFFCEdit\ToolMain.cpp(126,48): warning C4244: '=': conversion from 'double' to 'float', possible loss of data
D:\4th Year\CMP405\CMP405-Tools-Programming-WFFC-Edit\WOFFCEdit\ToolMain.cpp(127,48): warning C4244: '=': conversion from 'double' to 'float', possible loss of data
D:\4th Year\CMP405\CMP405-Tools-Programming-WFFC-Edit\WOFFCEdit\ToolMain.cpp(128,48): warning C4244: '=': conversion from 'double' to 'float', possible loss of data
D:\4th Year\CMP405\CMP405-Tools-Programming-WFFC-Edit\WOFFCEdit\ToolMain.cpp(132,48): warning C4244: '=': conversion from 'double' to 'float', possible loss of data
D:\4th Year\CMP405\CMP405-Tools-Programming-WFFC-Edit\WOFFCEdit\ToolMain.cpp(133,47): warning C4244: '=': conversion from 'double' to 'float', possible loss of data
D:\4th Year\CMP405\CMP405-Tools-Programming-WFFC-Edit\WOFFCEdit\ToolMain.cpp(134,42): warning C4244: '=': conversion from 'int' to 'float', possible loss of data
D:\4th Year\CMP405\CMP405-Tools-Programming-WFFC-Edit\WOFFCEdit\ToolMain.cpp(138,50): warning C4244: '=': conversion from 'double' to 'int', possible loss of data
D:\4th Year\CMP405\CMP405-Tools-Programming-WFFC-Edit\WOFFCEdit\ToolMain.cpp(139,50): warning C4244: '=': conversion from 'double' to 'int', possible loss of data
D:\4th Year\CMP405\CMP405-Tools-Programming-WFFC-Edit\WOFFCEdit\ToolMain.cpp(149,57): warning C4244: '=': conversion from 'double' to 'float', possible loss of data
D:\4th Year\CMP405\CMP405-Tools-Programming-WFFC-Edit\WOFFCEdit\ToolMain.cpp(150,57): warning C4244: '=': conversion from 'double' to 'float', possible loss of data
D:\4th Year\CMP405\CMP405-Tools-Programming-WFFC-Edit\WOFFCEdit\ToolMain.cpp(151,57): warning C4244: '=': conversion from 'double' to 'float', possible loss of data
D:\4th Year\CMP405\CMP405-Tools-Programming-WFFC-Edit\WOFFCEdit\ToolMain.cpp(152,58): warning C4244: '=': conversion from 'double' to 'float', possible loss of data
D:\4th Year\CMP405\CMP405-Tools-Programming-WFFC-Edit\WOFFCEdit\ToolMain.cpp(153,58): warning C4244: '=': conversion from 'double' to 'float', possible loss of data
D:\4th Year\CMP405\CMP405-Tools-Programming-WFFC-Edit\WOFFCEdit\ToolMain.cpp(154,58): warning C4244: '=': conversion from 'double' to 'float', possible loss of data
D:\4th Year\CMP405\CMP405-Tools-Programming-WFFC-Edit\WOFFCEdit\ToolMain.cpp(155,59): warning C4244: '=': conversion from 'double' to 'float', possible loss of data
D:\4th Year\CMP405\CMP405-Tools-Programming-WFFC-Edit\WOFFCEdit\ToolMain.cpp(156,56): warning C4244: '=': conversion from 'double' to 'float', possible loss of data
D:\4th Year\CMP405\CMP405-Tools-Programming-WFFC-Edit\WOFFCEdit\ToolMain.cpp(157,54): warning C4244: '=': conversion from 'double' to 'float', possible loss of data
D:\4th Year\CMP405\CMP405-Tools-Programming-WFFC-Edit\WOFFCEdit\ToolMain.cpp(158,57): warning C4244: '=': conversion from 'double' to 'float', possible loss of data
D:\4th Year\CMP405\CMP405-Tools-Programming-WFFC-Edit\WOFFCEdit\ToolMain.cpp(341,38): warning C4267: 'initializing': conversion from 'size_t' to 'int', possible loss of data
D:\4th Year\CMP405\CMP405-Tools-Programming-WFFC-Edit\WOFFCEdit\ToolMain.cpp(872,12): warning C4267: 'return': conversion from 'size_t' to 'int', possible loss of data
  Win32SimpleSample.vcxproj -> D:\4th Year\CMP405\CMP405-Tools-Programming-WFFC-Edit\WOFFCEdit\x64\Debug\WoFEdit.exe
