C:\Program Files\Microsoft Visual Studio\2022\Community\MSBuild\Microsoft\VC\v170\Microsoft.CppBuild.targets(517,5): warning MSB8028: The intermediate directory (Debug\) contains files shared from another project (Win32SimpleSample.vcxproj).  This can lead to incorrect clean and rebuild behavior.
  CopyPasteSystem.cpp
  _WIN32_WINNT not defined. Defaulting to _WIN32_WINNT_MAXVER (see WinSDKVer.h)
  EditObjectTransform.cpp
  _WIN32_WINNT not defined. Defaulting to _WIN32_WINNT_MAXVER (see WinSDKVer.h)
D:\4th Year\CMP405\CMP405-Tools-Programming-WFFC-Edit\WOFFCEdit\EditObjectTransform.cpp(94,29): warning C4305: '=': truncation from 'double' to 'float'
D:\4th Year\CMP405\CMP405-Tools-Programming-WFFC-Edit\WOFFCEdit\EditObjectTransform.cpp(106,29): warning C4305: '=': truncation from 'double' to 'float'
D:\4th Year\CMP405\CMP405-Tools-Programming-WFFC-Edit\WOFFCEdit\EditObjectTransform.cpp(118,29): warning C4305: '=': truncation from 'double' to 'float'
  Main.cpp
  _WIN32_WINNT not defined. Defaulting to _WIN32_WINNT_MAXVER (see WinSDKVer.h)
  MFCFrame.cpp
  _WIN32_WINNT not defined. Defaulting to _WIN32_WINNT_MAXVER (see WinSDKVer.h)
  MFCMain.cpp
  _WIN32_WINNT not defined. Defaulting to _WIN32_WINNT_MAXVER (see WinSDKVer.h)
  ToolMain.cpp
  _WIN32_WINNT not defined. Defaulting to _WIN32_WINNT_MAXVER (see WinSDKVer.h)
D:\4th Year\CMP405\CMP405-Tools-Programming-WFFC-Edit\WOFFCEdit\ToolMain.cpp(106,46): warning C4244: '=': conversion from 'double' to 'float', possible loss of data
D:\4th Year\CMP405\CMP405-Tools-Programming-WFFC-Edit\WOFFCEdit\ToolMain.cpp(107,46): warning C4244: '=': conversion from 'double' to 'float', possible loss of data
D:\4th Year\CMP405\CMP405-Tools-Programming-WFFC-Edit\WOFFCEdit\ToolMain.cpp(108,46): warning C4244: '=': conversion from 'double' to 'float', possible loss of data
D:\4th Year\CMP405\CMP405-Tools-Programming-WFFC-Edit\WOFFCEdit\ToolMain.cpp(109,46): warning C4244: '=': conversion from 'double' to 'float', possible loss of data
D:\4th Year\CMP405\CMP405-Tools-Programming-WFFC-Edit\WOFFCEdit\ToolMain.cpp(110,46): warning C4244: '=': conversion from 'double' to 'float', possible loss of data
D:\4th Year\CMP405\CMP405-Tools-Programming-WFFC-Edit\WOFFCEdit\ToolMain.cpp(111,46): warning C4244: '=': conversion from 'double' to 'float', possible loss of data
D:\4th Year\CMP405\CMP405-Tools-Programming-WFFC-Edit\WOFFCEdit\ToolMain.cpp(112,46): warning C4244: '=': conversion from 'double' to 'float', possible loss of data
D:\4th Year\CMP405\CMP405-Tools-Programming-WFFC-Edit\WOFFCEdit\ToolMain.cpp(113,46): warning C4244: '=': conversion from 'double' to 'float', possible loss of data
D:\4th Year\CMP405\CMP405-Tools-Programming-WFFC-Edit\WOFFCEdit\ToolMain.cpp(114,46): warning C4244: '=': conversion from 'double' to 'float', possible loss of data
D:\4th Year\CMP405\CMP405-Tools-Programming-WFFC-Edit\WOFFCEdit\ToolMain.cpp(126,48): warning C4244: '=': conversion from 'double' to 'float', possible loss of data
D:\4th Year\CMP405\CMP405-Tools-Programming-WFFC-Edit\WOFFCEdit\ToolMain.cpp(127,48): warning C4244: '=': conversion from 'double' to 'float', possible loss of data
D:\4th Year\CMP405\CMP405-Tools-Programming-WFFC-Edit\WOFFCEdit\ToolMain.cpp(128,48): warning C4244: '=': conversion from 'double' to 'float', possible loss of data
D:\4th Year\CMP405\CMP405-Tools-Programming-WFFC-Edit\WOFFCEdit\ToolMain.cpp(132,48): warning C4244: '=': conversion from 'double' to 'float', possible loss of data
D:\4th Year\CMP405\CMP405-Tools-Programming-WFFC-Edit\WOFFCEdit\ToolMain.cpp(133,47): warning C4244: '=': conversion from 'double' to 'float', possible loss of data
D:\4th Year\CMP405\CMP405-Tools-Programming-WFFC-Edit\WOFFCEdit\ToolMain.cpp(134,42): warning C4244: '=': conversion from 'int' to 'float', possible loss of data
D:\4th Year\CMP405\CMP405-Tools-Programming-WFFC-Edit\WOFFCEdit\ToolMain.cpp(138,50): warning C4244: '=': conversion from 'double' to 'int', possible loss of data
D:\4th Year\CMP405\CMP405-Tools-Programming-WFFC-Edit\WOFFCEdit\ToolMain.cpp(139,50): warning C4244: '=': conversion from 'double' to 'int', possible loss of data
D:\4th Year\CMP405\CMP405-Tools-Programming-WFFC-Edit\WOFFCEdit\ToolMain.cpp(149,57): warning C4244: '=': conversion from 'double' to 'float', possible loss of data
D:\4th Year\CMP405\CMP405-Tools-Programming-WFFC-Edit\WOFFCEdit\ToolMain.cpp(150,57): warning C4244: '=': conversion from 'double' to 'float', possible loss of data
D:\4th Year\CMP405\CMP405-Tools-Programming-WFFC-Edit\WOFFCEdit\ToolMain.cpp(151,57): warning C4244: '=': conversion from 'double' to 'float', possible loss of data
D:\4th Year\CMP405\CMP405-Tools-Programming-WFFC-Edit\WOFFCEdit\ToolMain.cpp(152,58): warning C4244: '=': conversion from 'double' to 'float', possible loss of data
D:\4th Year\CMP405\CMP405-Tools-Programming-WFFC-Edit\WOFFCEdit\ToolMain.cpp(153,58): warning C4244: '=': conversion from 'double' to 'float', possible loss of data
D:\4th Year\CMP405\CMP405-Tools-Programming-WFFC-Edit\WOFFCEdit\ToolMain.cpp(154,58): warning C4244: '=': conversion from 'double' to 'float', possible loss of data
D:\4th Year\CMP405\CMP405-Tools-Programming-WFFC-Edit\WOFFCEdit\ToolMain.cpp(155,59): warning C4244: '=': conversion from 'double' to 'float', possible loss of data
D:\4th Year\CMP405\CMP405-Tools-Programming-WFFC-Edit\WOFFCEdit\ToolMain.cpp(156,56): warning C4244: '=': conversion from 'double' to 'float', possible loss of data
D:\4th Year\CMP405\CMP405-Tools-Programming-WFFC-Edit\WOFFCEdit\ToolMain.cpp(157,54): warning C4244: '=': conversion from 'double' to 'float', possible loss of data
D:\4th Year\CMP405\CMP405-Tools-Programming-WFFC-Edit\WOFFCEdit\ToolMain.cpp(158,57): warning C4244: '=': conversion from 'double' to 'float', possible loss of data
  UndoRedoActions.cpp
  _WIN32_WINNT not defined. Defaulting to _WIN32_WINNT_MAXVER (see WinSDKVer.h)
  Generating Code...
  Win32SimpleSample.vcxproj -> D:\4th Year\CMP405\CMP405-Tools-Programming-WFFC-Edit\WOFFCEdit\Debug\WoFEdit.exe
